{
  "stats": {
    "suites": 2,
    "tests": 3,
    "passes": 3,
    "pending": 0,
    "failures": 0,
    "start": "2020-03-15T12:22:56.483Z",
    "end": "2020-03-15T12:22:56.483Z",
    "duration": 32396,
    "testsRegistered": 3,
    "passPercent": 100,
    "pendingPercent": 0,
    "other": 0,
    "hasOther": false,
    "skipped": 0,
    "hasSkipped": false
  },
  "results": [
    {
      "uuid": "a9001b6d-e7f4-4488-8dca-7fcfb7c3c082",
      "title": "",
      "fullFile": "cypress\\integration\\Instagram.feature",
      "file": "cypress\\integration\\Instagram.feature",
      "beforeHooks": [],
      "afterHooks": [],
      "tests": [],
      "suites": [
        {
          "uuid": "b16dbd10-45a8-4d51-b7b3-c631df6c25db",
          "title": "Instagram - Login",
          "fullFile": "",
          "file": "",
          "beforeHooks": [],
          "afterHooks": [],
          "tests": [
            {
              "title": "Login Instagram",
              "fullTitle": "Instagram - Login Login Instagram",
              "timedOut": null,
              "duration": 27040,
              "state": "passed",
              "speed": "slow",
              "pass": true,
              "fail": false,
              "pending": false,
              "context": null,
              "code": "const state = window.testState;\nreturn cy\n  .then(() => state.onStartScenario(scenario, indexedSteps))\n  .then(() =>\n    resolveAndRunBeforeHooks.call(this, scenario.tags, state.feature.name)\n  )\n  .then(() =>\n    indexedSteps.forEach(step => stepTest.call(this, state, step, rowData))\n  )\n  .then(() =>\n    resolveAndRunAfterHooks.call(this, scenario.tags, state.feature.name)\n  )\n  .then(() => state.onFinishScenario(scenario));",
              "err": {},
              "uuid": "86a1c3a6-4e74-4ed4-9340-b4eabbf8e639",
              "parentUUID": "b16dbd10-45a8-4d51-b7b3-c631df6c25db",
              "isHook": false,
              "skipped": false
            },
            {
              "title": "Logout Instagram",
              "fullTitle": "Instagram - Login Logout Instagram",
              "timedOut": null,
              "duration": 2192,
              "state": "passed",
              "speed": "slow",
              "pass": true,
              "fail": false,
              "pending": false,
              "context": null,
              "code": "const state = window.testState;\nreturn cy\n  .then(() => state.onStartScenario(scenario, indexedSteps))\n  .then(() =>\n    resolveAndRunBeforeHooks.call(this, scenario.tags, state.feature.name)\n  )\n  .then(() =>\n    indexedSteps.forEach(step => stepTest.call(this, state, step, rowData))\n  )\n  .then(() =>\n    resolveAndRunAfterHooks.call(this, scenario.tags, state.feature.name)\n  )\n  .then(() => state.onFinishScenario(scenario));",
              "err": {},
              "uuid": "941ae3ee-17d9-4987-b3a3-cd64c7016305",
              "parentUUID": "b16dbd10-45a8-4d51-b7b3-c631df6c25db",
              "isHook": false,
              "skipped": false
            }
          ],
          "suites": [],
          "passes": [
            "86a1c3a6-4e74-4ed4-9340-b4eabbf8e639",
            "941ae3ee-17d9-4987-b3a3-cd64c7016305"
          ],
          "failures": [],
          "pending": [],
          "skipped": [],
          "duration": 29232,
          "root": false,
          "rootEmpty": false,
          "_timeout": 2000
        }
      ],
      "passes": [],
      "failures": [],
      "pending": [],
      "skipped": [],
      "duration": 0,
      "root": true,
      "rootEmpty": true,
      "_timeout": 2000
    },
    {
      "uuid": "158f53c8-02d8-4ac9-9ead-d2bb913777b9",
      "title": "",
      "fullFile": "cypress\\integration\\Google.feature",
      "file": "cypress\\integration\\Google.feature",
      "beforeHooks": [],
      "afterHooks": [],
      "tests": [],
      "suites": [
        {
          "uuid": "e580b6b7-d5e6-4b63-adeb-c0925fdcd2cb",
          "title": "Google and show encrypt data on search textbox",
          "fullFile": "",
          "file": "",
          "beforeHooks": [],
          "afterHooks": [],
          "tests": [
            {
              "title": "Show encrypt data on search textbox",
              "fullTitle": "Google and show encrypt data on search textbox Show encrypt data on search textbox",
              "timedOut": null,
              "duration": 3164,
              "state": "passed",
              "speed": "slow",
              "pass": true,
              "fail": false,
              "pending": false,
              "context": null,
              "code": "const state = window.testState;\nreturn cy\n  .then(() => state.onStartScenario(scenario, indexedSteps))\n  .then(() =>\n    resolveAndRunBeforeHooks.call(this, scenario.tags, state.feature.name)\n  )\n  .then(() =>\n    indexedSteps.forEach(step => stepTest.call(this, state, step, rowData))\n  )\n  .then(() =>\n    resolveAndRunAfterHooks.call(this, scenario.tags, state.feature.name)\n  )\n  .then(() => state.onFinishScenario(scenario));",
              "err": {},
              "uuid": "41d97acc-2b3e-4413-ae75-7334e08aca17",
              "parentUUID": "e580b6b7-d5e6-4b63-adeb-c0925fdcd2cb",
              "isHook": false,
              "skipped": false
            }
          ],
          "suites": [],
          "passes": [
            "41d97acc-2b3e-4413-ae75-7334e08aca17"
          ],
          "failures": [],
          "pending": [],
          "skipped": [],
          "duration": 3164,
          "root": false,
          "rootEmpty": false,
          "_timeout": 2000
        }
      ],
      "passes": [],
      "failures": [],
      "pending": [],
      "skipped": [],
      "duration": 0,
      "root": true,
      "rootEmpty": true,
      "_timeout": 2000
    }
  ],
  "meta": {
    "mocha": {
      "version": "7.1.0"
    },
    "mochawesome": {
      "options": {
        "quiet": false,
        "reportFilename": "mochawesome",
        "saveHtml": false,
        "saveJson": true,
        "consoleReporter": "spec",
        "useInlineDiffs": false,
        "code": true
      },
      "version": "5.0.0"
    },
    "marge": {
      "options": {
        "reportDir": "cypress/results",
        "overwrite": false,
        "html": false,
        "json": true
      },
      "version": "4.1.0"
    }
  }
}