{
  "stats": {
    "suites": 2,
    "tests": 3,
    "passes": 2,
    "pending": 0,
    "failures": 1,
    "start": "2020-03-15T23:12:01.803Z",
    "end": "2020-03-15T23:12:01.803Z",
    "duration": 38374,
    "testsRegistered": 3,
    "passPercent": 66.66666666666667,
    "pendingPercent": 0,
    "other": 0,
    "hasOther": false,
    "skipped": 0,
    "hasSkipped": false
  },
  "results": [
    {
      "uuid": "9376a2d0-2d36-4fdb-b17c-6560fa99fba4",
      "title": "",
      "fullFile": "cypress\\integration\\Instagram.feature",
      "file": "cypress\\integration\\Instagram.feature",
      "beforeHooks": [],
      "afterHooks": [],
      "tests": [],
      "suites": [
        {
          "uuid": "1caf7fa1-2a22-4932-bd1a-e1fa24def1ef",
          "title": "Instagram - Login",
          "fullFile": "",
          "file": "",
          "beforeHooks": [],
          "afterHooks": [],
          "tests": [
            {
              "title": "Login Instagram",
              "fullTitle": "Instagram - Login Login Instagram",
              "timedOut": null,
              "duration": 28288,
              "state": "passed",
              "speed": "slow",
              "pass": true,
              "fail": false,
              "pending": false,
              "context": null,
              "code": "const state = window.testState;\nreturn cy\n  .then(() => state.onStartScenario(scenario, indexedSteps))\n  .then(() =>\n    resolveAndRunBeforeHooks.call(this, scenario.tags, state.feature.name)\n  )\n  .then(() =>\n    indexedSteps.forEach(step => stepTest.call(this, state, step, rowData))\n  )\n  .then(() =>\n    resolveAndRunAfterHooks.call(this, scenario.tags, state.feature.name)\n  )\n  .then(() => state.onFinishScenario(scenario));",
              "err": {},
              "uuid": "eb694748-9b7c-45e3-9b98-34cd41c80553",
              "parentUUID": "1caf7fa1-2a22-4932-bd1a-e1fa24def1ef",
              "isHook": false,
              "skipped": false
            },
            {
              "title": "Logout Instagram",
              "fullTitle": "Instagram - Login Logout Instagram",
              "timedOut": null,
              "duration": 1559,
              "state": "passed",
              "speed": "slow",
              "pass": true,
              "fail": false,
              "pending": false,
              "context": null,
              "code": "const state = window.testState;\nreturn cy\n  .then(() => state.onStartScenario(scenario, indexedSteps))\n  .then(() =>\n    resolveAndRunBeforeHooks.call(this, scenario.tags, state.feature.name)\n  )\n  .then(() =>\n    indexedSteps.forEach(step => stepTest.call(this, state, step, rowData))\n  )\n  .then(() =>\n    resolveAndRunAfterHooks.call(this, scenario.tags, state.feature.name)\n  )\n  .then(() => state.onFinishScenario(scenario));",
              "err": {},
              "uuid": "0c140e26-8c96-4527-a9a8-85fe60ad69c8",
              "parentUUID": "1caf7fa1-2a22-4932-bd1a-e1fa24def1ef",
              "isHook": false,
              "skipped": false
            }
          ],
          "suites": [],
          "passes": [
            "eb694748-9b7c-45e3-9b98-34cd41c80553",
            "0c140e26-8c96-4527-a9a8-85fe60ad69c8"
          ],
          "failures": [],
          "pending": [],
          "skipped": [],
          "duration": 29847,
          "root": false,
          "rootEmpty": false,
          "_timeout": 2000
        }
      ],
      "passes": [],
      "failures": [],
      "pending": [],
      "skipped": [],
      "duration": 0,
      "root": true,
      "rootEmpty": true,
      "_timeout": 2000
    },
    {
      "uuid": "7935a6c6-706e-4362-863d-c9066c1a633c",
      "title": "",
      "fullFile": "cypress\\integration\\Google.feature",
      "file": "cypress\\integration\\Google.feature",
      "beforeHooks": [],
      "afterHooks": [],
      "tests": [],
      "suites": [
        {
          "uuid": "304ff4c5-c6a2-4d55-895f-103814d159aa",
          "title": "Google and show encrypt data on search textbox",
          "fullFile": "",
          "file": "",
          "beforeHooks": [],
          "afterHooks": [],
          "tests": [
            {
              "title": "Show encrypt data on search textbox",
              "fullTitle": "Google and show encrypt data on search textbox Show encrypt data on search textbox",
              "timedOut": null,
              "duration": 8527,
              "state": "failed",
              "speed": null,
              "pass": false,
              "fail": true,
              "pending": false,
              "context": "\"screenshots/Google.feature/Google and show encrypt data on search textbox -- Show encrypt data on search textbox (failed).png\"",
              "code": "const state = window.testState;\nreturn cy\n  .then(() => state.onStartScenario(scenario, indexedSteps))\n  .then(() =>\n    resolveAndRunBeforeHooks.call(this, scenario.tags, state.feature.name)\n  )\n  .then(() =>\n    indexedSteps.forEach(step => stepTest.call(this, state, step, rowData))\n  )\n  .then(() =>\n    resolveAndRunAfterHooks.call(this, scenario.tags, state.feature.name)\n  )\n  .then(() => state.onFinishScenario(scenario));",
              "err": {
                "message": "CypressError: Timed out retrying: expected 'Google' to include 'Google1'",
                "estack": "CypressError: Timed out retrying: expected 'Google' to include 'Google1'\n    at cypressErr (https://www.google.com/__cypress/runner/cypress_runner.js:138036:9)\n    at throwErr (https://www.google.com/__cypress/runner/cypress_runner.js:137969:11)\n    at Object.throwErrByPath (https://www.google.com/__cypress/runner/cypress_runner.js:138017:3)\n    at retry (https://www.google.com/__cypress/runner/cypress_runner.js:132299:19)\n    at onFailFn (https://www.google.com/__cypress/runner/cypress_runner.js:120514:16)\n    at tryCatcher (https://www.google.com/__cypress/runner/cypress_runner.js:164895:23)\n    at Promise._settlePromiseFromHandler (https://www.google.com/__cypress/runner/cypress_runner.js:162831:31)\n    at Promise._settlePromise (https://www.google.com/__cypress/runner/cypress_runner.js:162888:18)\n    at Promise._settlePromise0 (https://www.google.com/__cypress/runner/cypress_runner.js:162933:10)\n    at Promise._settlePromises (https://www.google.com/__cypress/runner/cypress_runner.js:163008:18)\n    at Async../node_modules/bluebird/js/release/async.js.Async._drainQueue (https://www.google.com/__cypress/runner/cypress_runner.js:159620:16)\n    at Async../node_modules/bluebird/js/release/async.js.Async._drainQueues (https://www.google.com/__cypress/runner/cypress_runner.js:159630:10)\n    at Async.drainQueues (https://www.google.com/__cypress/runner/cypress_runner.js:159504:14)",
                "diff": null
              },
              "uuid": "4bc503f0-7ba2-45db-99fe-e706a7232bf2",
              "parentUUID": "304ff4c5-c6a2-4d55-895f-103814d159aa",
              "isHook": false,
              "skipped": false
            }
          ],
          "suites": [],
          "passes": [],
          "failures": [
            "4bc503f0-7ba2-45db-99fe-e706a7232bf2"
          ],
          "pending": [],
          "skipped": [],
          "duration": 8527,
          "root": false,
          "rootEmpty": false,
          "_timeout": 2000
        }
      ],
      "passes": [],
      "failures": [],
      "pending": [],
      "skipped": [],
      "duration": 0,
      "root": true,
      "rootEmpty": true,
      "_timeout": 2000
    }
  ],
  "meta": {
    "mocha": {
      "version": "7.1.0"
    },
    "mochawesome": {
      "options": {
        "quiet": false,
        "reportFilename": "mochawesome",
        "saveHtml": false,
        "saveJson": true,
        "consoleReporter": "spec",
        "useInlineDiffs": false,
        "code": true
      },
      "version": "5.0.0"
    },
    "marge": {
      "options": {
        "id": "default",
        "reportDir": "cypress/results/json",
        "overwrite": false,
        "html": false,
        "json": true
      },
      "version": "4.1.0"
    }
  }
}